<?xml version="1.0" encoding="UTF-8"?>
<!-- Generated by org.testng.reporters.JUnitReportReporter -->
<testsuite hostname="DESKTOP-110TD7Q" failures="0" tests="2" name="TestNG_Package.Diff_Testing" time="0.020" errors="0" timestamp="2022-08-15T21:26:24 IST" skipped="0">
  <testcase classname="TestNG_Package.Diff_Testing" name="test_D" time="0.003"/>
  <system-out/>
  <testcase classname="TestNG_Package.Diff_Testing" name="test_C" time="0.017"/>
  <system-out/>
</testsuite> <!-- TestNG_Package.Diff_Testing -->
