<?xml version="1.0" encoding="UTF-8"?>
<!-- Generated by org.testng.reporters.JUnitReportReporter -->
<testsuite hostname="DESKTOP-110TD7Q" failures="0" tests="1" name="TestNG_Package.Child_Class_A2_Concept" time="11.773" errors="0" timestamp="2022-08-12T14:22:32 IST" skipped="0">
  <testcase classname="TestNG_Package.Child_Class_A2_Concept" name="Test5" time="11.773"/>
  <system-out/>
</testsuite> <!-- TestNG_Package.Child_Class_A2_Concept -->
