<?xml version="1.0" encoding="UTF-8"?>
<!-- Generated by org.testng.reporters.JUnitReportReporter -->
<testsuite hostname="DESKTOP-110TD7Q" failures="0" tests="1" name="Cross_Browser.ScrollingWebpage_GenericMethod" time="8.841" errors="0" timestamp="2022-08-17T13:28:58 IST" skipped="0">
  <testcase classname="Cross_Browser.ScrollingWebpage_GenericMethod" name="Verifytest_001" time="8.841"/>
  <system-out/>
</testsuite> <!-- Cross_Browser.ScrollingWebpage_GenericMethod -->
