<?xml version="1.0" encoding="UTF-8"?>
<!-- Generated by org.testng.reporters.JUnitReportReporter -->
<testsuite hostname="DESKTOP-110TD7Q" failures="0" tests="2" name="TestNG_Package.Child_Class_B1" time="23.068" errors="0" timestamp="2022-08-13T19:27:56 IST" skipped="0">
  <testcase classname="TestNG_Package.Child_Class_B1" name="Test1" time="11.668"/>
  <system-out/>
  <testcase classname="TestNG_Package.Child_Class_B1" name="Test2" time="11.400"/>
  <system-out/>
</testsuite> <!-- TestNG_Package.Child_Class_B1 -->
