<?xml version="1.0" encoding="UTF-8"?>
<!-- Generated by org.testng.reporters.JUnitReportReporter -->
<testsuite hostname="DESKTOP-110TD7Q" failures="0" tests="1" name="TestNG_Package.Different_Testing" time="0.016" errors="0" timestamp="2022-08-17T18:54:02 IST" skipped="0">
  <testcase classname="TestNG_Package.Different_Testing" name="test_B" time="0.016"/>
  <system-out/>
</testsuite> <!-- TestNG_Package.Different_Testing -->
