<?xml version="1.0" encoding="UTF-8"?>
<!-- Generated by org.testng.reporters.JUnitReportReporter -->
<testsuite hostname="DESKTOP-110TD7Q" failures="0" tests="2" name="TestNG_Package.Test_A_1_Concept" time="0.021" errors="0" timestamp="2022-08-12T13:49:14 IST" skipped="0">
  <testcase classname="TestNG_Package.Test_A_1_Concept" name="Test_1" time="0.015"/>
  <system-out/>
  <testcase classname="TestNG_Package.Test_A_1_Concept" name="Test_2" time="0.006"/>
  <system-out/>
</testsuite> <!-- TestNG_Package.Test_A_1_Concept -->
