<?xml version="1.0" encoding="UTF-8"?>
<!-- Generated by org.testng.reporters.JUnitReportReporter -->
<testsuite hostname="DESKTOP-110TD7Q" failures="0" tests="1" name="TestNG_Package.Child_Class_A2" time="0.025" errors="0" timestamp="2022-08-12T14:04:06 IST" skipped="0">
  <testcase classname="TestNG_Package.Child_Class_A2" name="Test5" time="0.025"/>
  <system-out/>
</testsuite> <!-- TestNG_Package.Child_Class_A2 -->
