<?xml version="1.0" encoding="UTF-8"?>
<!-- Generated by org.testng.reporters.JUnitReportReporter -->
<testsuite hostname="DESKTOP-110TD7Q" failures="0" tests="2" name="TestNG_Package.Test_1" time="0.012" errors="0" timestamp="2022-08-13T19:27:56 IST" skipped="0">
  <testcase classname="TestNG_Package.Test_1" name="test_tc_001_a" time="0.008"/>
  <system-out/>
  <testcase classname="TestNG_Package.Test_1" name="test_tc_002_b" time="0.004"/>
  <system-out/>
</testsuite> <!-- TestNG_Package.Test_1 -->
