<?xml version="1.0" encoding="UTF-8"?>
<!-- Generated by org.testng.reporters.JUnitReportReporter -->
<testsuite hostname="DESKTOP-110TD7Q" failures="0" tests="4" name="TestNG_Package.Child_Class_A1_Concept" time="39.610" errors="0" timestamp="2022-08-12T14:21:52 IST" skipped="0">
  <testcase classname="TestNG_Package.Child_Class_A1_Concept" name="Test1" time="11.491"/>
  <system-out/>
  <testcase classname="TestNG_Package.Child_Class_A1_Concept" name="Test4" time="9.407"/>
  <system-out/>
  <testcase classname="TestNG_Package.Child_Class_A1_Concept" name="Test3" time="9.392"/>
  <system-out/>
  <testcase classname="TestNG_Package.Child_Class_A1_Concept" name="Test2" time="9.320"/>
  <system-out/>
</testsuite> <!-- TestNG_Package.Child_Class_A1_Concept -->
