<?xml version="1.0" encoding="UTF-8"?>
<!-- Generated by org.testng.reporters.JUnitReportReporter -->
<testsuite hostname="DESKTOP-110TD7Q" failures="0" tests="3" name="TestNG_Package.Child_Class_B2" time="36.932" errors="0" timestamp="2022-08-13T19:27:56 IST" skipped="0">
  <testcase classname="TestNG_Package.Child_Class_B2" name="Test3" time="14.035"/>
  <system-out/>
  <testcase classname="TestNG_Package.Child_Class_B2" name="Test2" time="11.460"/>
  <system-out/>
  <testcase classname="TestNG_Package.Child_Class_B2" name="Test1" time="11.437"/>
  <system-out/>
</testsuite> <!-- TestNG_Package.Child_Class_B2 -->
