<?xml version="1.0" encoding="UTF-8"?>
<!-- Generated by org.testng.reporters.JUnitReportReporter -->
<testsuite hostname="DESKTOP-110TD7Q" failures="0" tests="1" name="Cross_Browser.TaskChild" time="21.207" errors="0" timestamp="2022-08-16T00:14:50 IST" skipped="0">
  <testcase classname="Cross_Browser.TaskChild" name="Test1" time="21.207"/>
  <system-out/>
</testsuite> <!-- Cross_Browser.TaskChild -->
