<?xml version="1.0" encoding="UTF-8"?>
<!-- Generated by org.testng.reporters.JUnitReportReporter -->
<testsuite hostname="DESKTOP-110TD7Q" failures="0" tests="3" name="Cross_Browser.Child_Class" time="21.253" errors="0" timestamp="2022-08-15T22:21:10 IST" skipped="0">
  <testcase classname="Cross_Browser.Child_Class" name="Test4" time="7.771"/>
  <system-out/>
  <testcase classname="Cross_Browser.Child_Class" name="Test3" time="8.340"/>
  <system-out/>
  <testcase classname="Cross_Browser.Child_Class" name="Test3" time="5.142"/>
  <system-out/>
</testsuite> <!-- Cross_Browser.Child_Class -->
