<?xml version="1.0" encoding="UTF-8"?>
<!-- Generated by org.testng.reporters.JUnitReportReporter -->
<testsuite hostname="DESKTOP-110TD7Q" failures="0" tests="1" name="Cross_Browser.Scrolling_Webpage" time="17.388" errors="0" timestamp="2022-08-17T12:23:11 IST" skipped="0">
  <testcase classname="Cross_Browser.Scrolling_Webpage" name="VerifyTest_001" time="17.388"/>
  <system-out/>
</testsuite> <!-- Cross_Browser.Scrolling_Webpage -->
