<?xml version="1.0" encoding="UTF-8"?>
<!-- Generated by org.testng.reporters.JUnitReportReporter -->
<testsuite hostname="DESKTOP-110TD7Q" failures="0" tests="5" name="TestNG_Package.Keywords_A1" time="0.028" errors="0" timestamp="2022-08-13T21:33:00 IST" skipped="1">
  <testcase classname="TestNG_Package.Keywords_A1" name="Test1" time="0.003"/>
  <system-out/>
  <testcase classname="TestNG_Package.Keywords_A1" name="Test1" time="0.018"/>
  <system-out/>
  <testcase classname="TestNG_Package.Keywords_A1" name="Test1" time="0.005"/>
  <system-out/>
  <testcase classname="TestNG_Package.Keywords_A1" name="Test3" time="0.002"/>
  <system-out/>
  <testcase classname="TestNG_Package.Keywords_A1" name="Test2">
    <skipped/>
  </testcase> <!-- Test2 -->
  <system-out/>
</testsuite> <!-- TestNG_Package.Keywords_A1 -->
