<?xml version="1.0" encoding="UTF-8"?>
<!-- Generated by org.testng.reporters.JUnitReportReporter -->
<testsuite hostname="DESKTOP-110TD7Q" failures="0" tests="4" name="TestNG_Package.Child_Class_A1" time="0.031" errors="0" timestamp="2022-08-12T14:02:20 IST" skipped="0">
  <testcase classname="TestNG_Package.Child_Class_A1" name="Test4" time="0.003"/>
  <system-out/>
  <testcase classname="TestNG_Package.Child_Class_A1" name="Test1" time="0.021"/>
  <system-out/>
  <testcase classname="TestNG_Package.Child_Class_A1" name="Test3" time="0.003"/>
  <system-out/>
  <testcase classname="TestNG_Package.Child_Class_A1" name="Test2" time="0.004"/>
  <system-out/>
</testsuite> <!-- TestNG_Package.Child_Class_A1 -->
