<?xml version="1.0" encoding="UTF-8"?>
<!-- Generated by org.testng.reporters.JUnitReportReporter -->
<testsuite hostname="DESKTOP-110TD7Q" failures="0" tests="3" name="Practice_TestNG.Demo$demo2" time="25.773" errors="0" timestamp="2022-08-17T19:04:28 IST" skipped="0">
  <testcase classname="Practice_TestNG.Demo$demo2" name="test2" time="10.580"/>
  <system-out/>
  <testcase classname="Practice_TestNG.Demo$demo2" name="test3" time="6.500"/>
  <system-out/>
  <testcase classname="Practice_TestNG.Demo$demo2" name="test1" time="8.693"/>
  <system-out/>
</testsuite> <!-- Practice_TestNG.Demo$demo2 -->
